  Source.cpp
C:\Users\gorsk\source\repos\ProblemPlecakowy\ProblemPlecakowy\Source.cpp(47,21): warning C4018: '<': signed/unsigned mismatch
C:\Users\gorsk\source\repos\ProblemPlecakowy\ProblemPlecakowy\Source.cpp(69,20): warning C4018: '<': signed/unsigned mismatch
C:\Users\gorsk\source\repos\ProblemPlecakowy\ProblemPlecakowy\Source.cpp(71,45): warning C4244: '=': conversion from '_Ty' to 'float', possible loss of data
          with
          [
              _Ty=int
          ]
C:\Users\gorsk\source\repos\ProblemPlecakowy\ProblemPlecakowy\Source.cpp(75,20): warning C4018: '<': signed/unsigned mismatch
C:\Users\gorsk\source\repos\ProblemPlecakowy\ProblemPlecakowy\Source.cpp(97,20): warning C4018: '<': signed/unsigned mismatch
C:\Users\gorsk\source\repos\ProblemPlecakowy\ProblemPlecakowy\Source.cpp(123,12): warning C4244: 'argument': conversion from 'time_t' to 'unsigned int', possible loss of data
C:\Users\gorsk\source\repos\ProblemPlecakowy\ProblemPlecakowy\Source.cpp(146,22): warning C4018: '<': signed/unsigned mismatch
C:\Users\gorsk\source\repos\ProblemPlecakowy\ProblemPlecakowy\Source.cpp(154,22): warning C4018: '<': signed/unsigned mismatch
C:\Users\gorsk\source\repos\ProblemPlecakowy\ProblemPlecakowy\Source.cpp(162,22): warning C4018: '<': signed/unsigned mismatch
  Generating code
  2 of 471 functions ( 0.4%) were compiled, the rest were copied from previous compilation.
    0 functions were new in current compilation
    0 functions had inline decision re-evaluated but remain unchanged
  Finished generating code
  ProblemPlecakowy.vcxproj -> C:\Users\gorsk\source\repos\ProblemPlecakowy\Release\ProblemPlecakowy.exe
